This is pdfTeX, Version 3.14159265-2.6-1.40.21 (TeX Live 2020) (preloaded format=pdflatex 2020.12.17)  25 JUN 2021 19:21
entering extended mode
 restricted \write18 enabled.
 %&-line parsing enabled.
**figs.tex
(./figs.tex
LaTeX2e <2020-10-01> patch level 2
L3 programming layer <2020-12-07> xparse <2020-03-03>
(/home/feizheng/tex/texmf-dist/tex/latex/base/article.cls
Document Class: article 2020/04/10 v1.4m Standard LaTeX document class
(/home/feizheng/tex/texmf-dist/tex/latex/base/size12.clo
File: size12.clo 2020/04/10 v1.4m Standard LaTeX file (size option)
)
\c@part=\count177
\c@section=\count178
\c@subsection=\count179
\c@subsubsection=\count180
\c@paragraph=\count181
\c@subparagraph=\count182
\c@figure=\count183
\c@table=\count184
\abovecaptionskip=\skip47
\belowcaptionskip=\skip48
\bibindent=\dimen138
)
(/home/feizheng/tex/texmf-dist/tex/latex/geometry/geometry.sty
Package: geometry 2020/01/02 v5.9 Page Geometry

(/home/feizheng/tex/texmf-dist/tex/latex/graphics/keyval.sty
Package: keyval 2014/10/28 v1.15 key=value parser (DPC)
\KV@toks@=\toks15
)
(/home/feizheng/tex/texmf-dist/tex/generic/iftex/ifvtex.sty
Package: ifvtex 2019/10/25 v1.7 ifvtex legacy package. Use iftex instead.

(/home/feizheng/tex/texmf-dist/tex/generic/iftex/iftex.sty
Package: iftex 2020/03/06 v1.0d TeX engine tests
))
\Gm@cnth=\count185
\Gm@cntv=\count186
\c@Gm@tempcnt=\count187
\Gm@bindingoffset=\dimen139
\Gm@wd@mp=\dimen140
\Gm@odd@mp=\dimen141
\Gm@even@mp=\dimen142
\Gm@layoutwidth=\dimen143
\Gm@layoutheight=\dimen144
\Gm@layouthoffset=\dimen145
\Gm@layoutvoffset=\dimen146
\Gm@dimlist=\toks16
)
(/home/feizheng/tex/texmf-dist/tex/latex/graphics/graphicx.sty
Package: graphicx 2020/09/09 v1.2b Enhanced LaTeX Graphics (DPC,SPQR)

(/home/feizheng/tex/texmf-dist/tex/latex/graphics/graphics.sty
Package: graphics 2020/08/30 v1.4c Standard LaTeX Graphics (DPC,SPQR)

(/home/feizheng/tex/texmf-dist/tex/latex/graphics/trig.sty
Package: trig 2016/01/03 v1.10 sin cos tan (DPC)
)
(/home/feizheng/tex/texmf-dist/tex/latex/graphics-cfg/graphics.cfg
File: graphics.cfg 2016/06/04 v1.11 sample graphics configuration
)
Package graphics Info: Driver file: pdftex.def on input line 105.

(/home/feizheng/tex/texmf-dist/tex/latex/graphics-def/pdftex.def
File: pdftex.def 2020/10/05 v1.2a Graphics/color driver for pdftex
))
\Gin@req@height=\dimen147
\Gin@req@width=\dimen148
)
(/home/feizheng/tex/texmf-dist/tex/latex/url/url.sty
\Urlmuskip=\muskip16
Package: url 2013/09/16  ver 3.4  Verb mode for urls, etc.
)
(/home/feizheng/tex/texmf-dist/tex/latex/l3backend/l3backend-pdftex.def
File: l3backend-pdftex.def 2020-09-24 L3 backend support: PDF output (pdfTeX)
\l__kernel_color_stack_int=\count188
\l__pdf_internal_box=\box47
)
(./figs.aux)
\openout1 = `figs.aux'.

LaTeX Font Info:    Checking defaults for OML/cmm/m/it on input line 5.
LaTeX Font Info:    ... okay on input line 5.
LaTeX Font Info:    Checking defaults for OMS/cmsy/m/n on input line 5.
LaTeX Font Info:    ... okay on input line 5.
LaTeX Font Info:    Checking defaults for OT1/cmr/m/n on input line 5.
LaTeX Font Info:    ... okay on input line 5.
LaTeX Font Info:    Checking defaults for T1/cmr/m/n on input line 5.
LaTeX Font Info:    ... okay on input line 5.
LaTeX Font Info:    Checking defaults for TS1/cmr/m/n on input line 5.
LaTeX Font Info:    ... okay on input line 5.
LaTeX Font Info:    Checking defaults for OMX/cmex/m/n on input line 5.
LaTeX Font Info:    ... okay on input line 5.
LaTeX Font Info:    Checking defaults for U/cmr/m/n on input line 5.
LaTeX Font Info:    ... okay on input line 5.

*geometry* driver: auto-detecting
*geometry* detected driver: pdftex
*geometry* verbose mode - [ preamble ] result:
* driver: pdftex
* paper: <default>
* layout: <same size as paper>
* layoutoffset:(h,v)=(0.0pt,0.0pt)
* modes: 
* h-part:(L,W,R)=(72.26999pt, 469.75502pt, 72.26999pt)
* v-part:(T,H,B)=(72.26999pt, 650.43001pt, 72.26999pt)
* \paperwidth=614.295pt
* \paperheight=794.96999pt
* \textwidth=469.75502pt
* \textheight=650.43001pt
* \oddsidemargin=0.0pt
* \evensidemargin=0.0pt
* \topmargin=-37.0pt
* \headheight=12.0pt
* \headsep=25.0pt
* \topskip=12.0pt
* \footskip=30.0pt
* \marginparwidth=44.0pt
* \marginparsep=10.0pt
* \columnsep=10.0pt
* \skip\footins=10.8pt plus 4.0pt minus 2.0pt
* \hoffset=0.0pt
* \voffset=0.0pt
* \mag=1000
* \@twocolumnfalse
* \@twosidefalse
* \@mparswitchfalse
* \@reversemarginfalse
* (1in=72.27pt=25.4mm, 1cm=28.453pt)

(/home/feizheng/tex/texmf-dist/tex/context/base/mkii/supp-pdf.mkii
[Loading MPS to PDF converter (version 2006.09.02).]
\scratchcounter=\count189
\scratchdimen=\dimen149
\scratchbox=\box48
\nofMPsegments=\count190
\nofMParguments=\count191
\everyMPshowfont=\toks17
\MPscratchCnt=\count192
\MPscratchDim=\dimen150
\MPnumerator=\count193
\makeMPintoPDFobject=\count194
\everyMPtoPDFconversion=\toks18
) (/home/feizheng/tex/texmf-dist/tex/latex/epstopdf-pkg/epstopdf-base.sty
Package: epstopdf-base 2020-01-24 v2.11 Base part for package epstopdf
Package epstopdf-base Info: Redefining graphics rule for `.eps' on input line 4
85.

(/home/feizheng/tex/texmf-dist/tex/latex/latexconfig/epstopdf-sys.cfg
File: epstopdf-sys.cfg 2010/07/13 v1.3 Configuration of (r)epstopdf for TeX Liv
e
))
[1

{/home/feizheng/tex/texmf-var/fonts/map/pdftex/updmap/pdftex.map}] [2]
<1d_c2cinplace_double.pdf, id=13, 665.9279pt x 301.125pt>
File: 1d_c2cinplace_double.pdf Graphic file (type pdf)
<use 1d_c2cinplace_double.pdf>
Package pdftex.def Info: 1d_c2cinplace_double.pdf  used on input line 57.
(pdftex.def)             Requested size: 469.75502pt x 212.4218pt.

[3

 <./1d_c2cinplace_double.pdf>]
<1d_c2coutofplace_double.pdf, id=35, 665.9279pt x 301.125pt>
File: 1d_c2coutofplace_double.pdf Graphic file (type pdf)
<use 1d_c2coutofplace_double.pdf>
Package pdftex.def Info: 1d_c2coutofplace_double.pdf  used on input line 64.
(pdftex.def)             Requested size: 469.75502pt x 212.4218pt.
<1d_r2cinplace_double.pdf, id=36, 665.9279pt x 301.125pt>
File: 1d_r2cinplace_double.pdf Graphic file (type pdf)
<use 1d_r2cinplace_double.pdf>
Package pdftex.def Info: 1d_r2cinplace_double.pdf  used on input line 70.
(pdftex.def)             Requested size: 469.75502pt x 212.4218pt.
 [4

 <./1d_c2coutofplace_double.pdf>] [5 <./1d_r2cinplace_double.pdf>]
<1d_r2coutofplace_double.pdf, id=63, 665.9279pt x 301.125pt>
File: 1d_r2coutofplace_double.pdf Graphic file (type pdf)
<use 1d_r2coutofplace_double.pdf>
Package pdftex.def Info: 1d_r2coutofplace_double.pdf  used on input line 77.
(pdftex.def)             Requested size: 469.75502pt x 212.4218pt.
<1d_c2rinplace_double.pdf, id=64, 665.9279pt x 301.125pt>
File: 1d_c2rinplace_double.pdf Graphic file (type pdf)
<use 1d_c2rinplace_double.pdf>
Package pdftex.def Info: 1d_c2rinplace_double.pdf  used on input line 83.
(pdftex.def)             Requested size: 469.75502pt x 212.4218pt.
 [6

 <./1d_r2coutofplace_double.pdf>] [7 <./1d_c2rinplace_double.pdf>]
<1d_c2routofplace_double.pdf, id=92, 665.9279pt x 301.125pt>
File: 1d_c2routofplace_double.pdf Graphic file (type pdf)
<use 1d_c2routofplace_double.pdf>
Package pdftex.def Info: 1d_c2routofplace_double.pdf  used on input line 90.
(pdftex.def)             Requested size: 469.75502pt x 212.4218pt.
<2d_c2cinplace_double.pdf, id=93, 665.9279pt x 301.125pt>
File: 2d_c2cinplace_double.pdf Graphic file (type pdf)
<use 2d_c2cinplace_double.pdf>
Package pdftex.def Info: 2d_c2cinplace_double.pdf  used on input line 96.
(pdftex.def)             Requested size: 469.75502pt x 212.4218pt.
 [8

 <./1d_c2routofplace_double.pdf>] [9 <./2d_c2cinplace_double.pdf>]
<2d_c2coutofplace_double.pdf, id=120, 665.9279pt x 301.125pt>
File: 2d_c2coutofplace_double.pdf Graphic file (type pdf)
<use 2d_c2coutofplace_double.pdf>
Package pdftex.def Info: 2d_c2coutofplace_double.pdf  used on input line 103.
(pdftex.def)             Requested size: 469.75502pt x 212.4218pt.
<2d_r2cinplace_double.pdf, id=121, 665.9279pt x 301.125pt>
File: 2d_r2cinplace_double.pdf Graphic file (type pdf)
<use 2d_r2cinplace_double.pdf>
Package pdftex.def Info: 2d_r2cinplace_double.pdf  used on input line 109.
(pdftex.def)             Requested size: 469.75502pt x 212.4218pt.
 [10

 <./2d_c2coutofplace_double.pdf>] [11 <./2d_r2cinplace_double.pdf>]
<2d_r2coutofplace_double.pdf, id=149, 665.9279pt x 301.125pt>
File: 2d_r2coutofplace_double.pdf Graphic file (type pdf)
<use 2d_r2coutofplace_double.pdf>
Package pdftex.def Info: 2d_r2coutofplace_double.pdf  used on input line 116.
(pdftex.def)             Requested size: 469.75502pt x 212.4218pt.
<2d_c2rinplace_double.pdf, id=150, 665.9279pt x 301.125pt>
File: 2d_c2rinplace_double.pdf Graphic file (type pdf)
<use 2d_c2rinplace_double.pdf>
Package pdftex.def Info: 2d_c2rinplace_double.pdf  used on input line 122.
(pdftex.def)             Requested size: 469.75502pt x 212.4218pt.

[12

 <./2d_r2coutofplace_double.pdf>] [13 <./2d_c2rinplace_double.pdf>]
<2d_c2routofplace_double.pdf, id=178, 665.9279pt x 301.125pt>
File: 2d_c2routofplace_double.pdf Graphic file (type pdf)
<use 2d_c2routofplace_double.pdf>
Package pdftex.def Info: 2d_c2routofplace_double.pdf  used on input line 129.
(pdftex.def)             Requested size: 469.75502pt x 212.4218pt.
<3d_c2cinplace_double.pdf, id=179, 665.9279pt x 301.125pt>
File: 3d_c2cinplace_double.pdf Graphic file (type pdf)
<use 3d_c2cinplace_double.pdf>
Package pdftex.def Info: 3d_c2cinplace_double.pdf  used on input line 135.
(pdftex.def)             Requested size: 469.75502pt x 212.4218pt.
 [14

 <./2d_c2routofplace_double.pdf>] [15 <./3d_c2cinplace_double.pdf>]
<3d_c2coutofplace_double.pdf, id=206, 665.9279pt x 301.125pt>
File: 3d_c2coutofplace_double.pdf Graphic file (type pdf)
<use 3d_c2coutofplace_double.pdf>
Package pdftex.def Info: 3d_c2coutofplace_double.pdf  used on input line 142.
(pdftex.def)             Requested size: 469.75502pt x 212.4218pt.
<3d_r2cinplace_double.pdf, id=207, 662.93675pt x 301.125pt>
File: 3d_r2cinplace_double.pdf Graphic file (type pdf)
<use 3d_r2cinplace_double.pdf>
Package pdftex.def Info: 3d_r2cinplace_double.pdf  used on input line 148.
(pdftex.def)             Requested size: 469.75502pt x 213.38211pt.
 [16

 <./3d_c2coutofplace_double.pdf>] [17 <./3d_r2cinplace_double.pdf>]
<3d_r2coutofplace_double.pdf, id=234, 662.93675pt x 301.72725pt>
File: 3d_r2coutofplace_double.pdf Graphic file (type pdf)
<use 3d_r2coutofplace_double.pdf>
Package pdftex.def Info: 3d_r2coutofplace_double.pdf  used on input line 155.
(pdftex.def)             Requested size: 469.75502pt x 213.80887pt.
<3d_c2rinplace_double.pdf, id=235, 662.93675pt x 301.125pt>
File: 3d_c2rinplace_double.pdf Graphic file (type pdf)
<use 3d_c2rinplace_double.pdf>
Package pdftex.def Info: 3d_c2rinplace_double.pdf  used on input line 161.
(pdftex.def)             Requested size: 469.75502pt x 213.38211pt.
 [18

 <./3d_r2coutofplace_double.pdf>] [19 <./3d_c2rinplace_double.pdf>]
<3d_c2routofplace_double.pdf, id=264, 662.93675pt x 301.125pt>
File: 3d_c2routofplace_double.pdf Graphic file (type pdf)
<use 3d_c2routofplace_double.pdf>
Package pdftex.def Info: 3d_c2routofplace_double.pdf  used on input line 168.
(pdftex.def)             Requested size: 469.75502pt x 213.38211pt.
 [20

 <./3d_c2routofplace_double.pdf>] (./figs.aux) ) 
Here is how much of TeX's memory you used:
 1871 strings out of 479382
 29566 string characters out of 5871829
 311229 words of memory out of 5000000
 18995 multiletter control sequences out of 15000+600000
 405445 words of font info for 34 fonts, out of 8000000 for 9000
 1141 hyphenation exceptions out of 8191
 66i,5n,72p,197b,215s stack positions out of 5000i,500n,10000p,200000b,80000s
{/home/feizheng/tex/texmf-dist/
fonts/enc/dvips/cm-super/cm-super-ts1.enc}</home/feizheng/tex/texmf-dist/fonts/
type1/public/amsfonts/cm/cmbx12.pfb></home/feizheng/tex/texmf-dist/fonts/type1/
public/amsfonts/cm/cmmi12.pfb></home/feizheng/tex/texmf-dist/fonts/type1/public
/amsfonts/cm/cmr12.pfb></home/feizheng/tex/texmf-dist/fonts/type1/public/amsfon
ts/cm/cmr8.pfb></home/feizheng/tex/texmf-dist/fonts/type1/public/amsfonts/cm/cm
sy8.pfb></home/feizheng/tex/texmf-dist/fonts/type1/public/amsfonts/cm/cmtt12.pf
b></home/feizheng/tex/texmf-dist/fonts/type1/public/cm-super/sfrm1200.pfb>
Output written on figs.pdf (20 pages, 217945 bytes).
PDF statistics:
 296 PDF objects out of 1000 (max. 8388607)
 246 compressed objects within 3 object streams
 0 named destinations out of 1000 (max. 500000)
 91 words of extra memory for PDF output out of 10000 (max. 10000000)

