Latexmk: applying rule 'pdflatex'...
This is pdfTeX, Version 3.14159265-2.6-1.40.21 (TeX Live 2020) (preloaded format=pdflatex)
 restricted \write18 enabled.
entering extended mode
(./figs.tex
LaTeX2e <2020-10-01> patch level 2
L3 programming layer <2020-12-07> xparse <2020-03-03>
(/home/feizheng/tex/texmf-dist/tex/latex/base/article.cls
Document Class: article 2020/04/10 v1.4m Standard LaTeX document class
(/home/feizheng/tex/texmf-dist/tex/latex/base/size12.clo))
(/home/feizheng/tex/texmf-dist/tex/latex/geometry/geometry.sty
(/home/feizheng/tex/texmf-dist/tex/latex/graphics/keyval.sty)
(/home/feizheng/tex/texmf-dist/tex/generic/iftex/ifvtex.sty
(/home/feizheng/tex/texmf-dist/tex/generic/iftex/iftex.sty)))
(/home/feizheng/tex/texmf-dist/tex/latex/graphics/graphicx.sty
(/home/feizheng/tex/texmf-dist/tex/latex/graphics/graphics.sty
(/home/feizheng/tex/texmf-dist/tex/latex/graphics/trig.sty)
(/home/feizheng/tex/texmf-dist/tex/latex/graphics-cfg/graphics.cfg)
(/home/feizheng/tex/texmf-dist/tex/latex/graphics-def/pdftex.def)))
(/home/feizheng/tex/texmf-dist/tex/latex/url/url.sty)
(/home/feizheng/tex/texmf-dist/tex/latex/l3backend/l3backend-pdftex.def)
(./figs.aux)
*geometry* driver: auto-detecting
*geometry* detected driver: pdftex
(/home/feizheng/tex/texmf-dist/tex/context/base/mkii/supp-pdf.mkii
[Loading MPS to PDF converter (version 2006.09.02).]
) (/home/feizheng/tex/texmf-dist/tex/latex/epstopdf-pkg/epstopdf-base.sty
(/home/feizheng/tex/texmf-dist/tex/latex/latexconfig/epstopdf-sys.cfg))
[1{/home/feizheng/tex/texmf-var/fonts/map/pdftex/updmap/pdftex.map}] [2]
[3 <./1d_c2cinplace_double.pdf>] [4 <./1d_c2coutofplace_double.pdf>] [5 <./1d_r
2cinplace_double.pdf>] [6 <./1d_r2coutofplace_double.pdf>] [7 <./1d_c2rinplace_
double.pdf>] [8 <./1d_c2routofplace_double.pdf>] [9 <./2d_c2cinplace_double.pdf
>] [10 <./2d_c2coutofplace_double.pdf>] [11 <./2d_r2cinplace_double.pdf>]
[12 <./2d_r2coutofplace_double.pdf>] [13 <./2d_c2rinplace_double.pdf>] [14 <./2
d_c2routofplace_double.pdf>] [15 <./3d_c2cinplace_double.pdf>] [16 <./3d_c2cout
ofplace_double.pdf>] [17 <./3d_r2cinplace_double.pdf>] [18 <./3d_r2coutofplace_
double.pdf>] [19 <./3d_c2rinplace_double.pdf>] [20 <./3d_c2routofplace_double.p
df>] (./figs.aux) ){/home/feizheng/tex/texmf-dist/fonts/enc/dvips/cm-super/cm-s
uper-ts1.enc}</home/feizheng/tex/texmf-dist/fonts/type1/public/amsfonts/cm/cmbx
12.pfb></home/feizheng/tex/texmf-dist/fonts/type1/public/amsfonts/cm/cmmi12.pfb
></home/feizheng/tex/texmf-dist/fonts/type1/public/amsfonts/cm/cmr12.pfb></home
/feizheng/tex/texmf-dist/fonts/type1/public/amsfonts/cm/cmr8.pfb></home/feizhen
g/tex/texmf-dist/fonts/type1/public/amsfonts/cm/cmsy8.pfb></home/feizheng/tex/t
exmf-dist/fonts/type1/public/amsfonts/cm/cmtt12.pfb></home/feizheng/tex/texmf-d
ist/fonts/type1/public/cm-super/sfrm1200.pfb>
Output written on figs.pdf (20 pages, 217945 bytes).
Transcript written on figs.log.
Latexmk: Examining 'figs.log'
=== TeX engine is 'pdfTeX'
Latexmk: applying rule 'pdflatex'...
This is pdfTeX, Version 3.14159265-2.6-1.40.21 (TeX Live 2020) (preloaded format=pdflatex)
 restricted \write18 enabled.
entering extended mode
(./figs.tex
LaTeX2e <2020-10-01> patch level 2
L3 programming layer <2020-12-07> xparse <2020-03-03>
(/home/feizheng/tex/texmf-dist/tex/latex/base/article.cls
Document Class: article 2020/04/10 v1.4m Standard LaTeX document class
(/home/feizheng/tex/texmf-dist/tex/latex/base/size12.clo))
(/home/feizheng/tex/texmf-dist/tex/latex/geometry/geometry.sty
(/home/feizheng/tex/texmf-dist/tex/latex/graphics/keyval.sty)
(/home/feizheng/tex/texmf-dist/tex/generic/iftex/ifvtex.sty
(/home/feizheng/tex/texmf-dist/tex/generic/iftex/iftex.sty)))
(/home/feizheng/tex/texmf-dist/tex/latex/graphics/graphicx.sty
(/home/feizheng/tex/texmf-dist/tex/latex/graphics/graphics.sty
(/home/feizheng/tex/texmf-dist/tex/latex/graphics/trig.sty)
(/home/feizheng/tex/texmf-dist/tex/latex/graphics-cfg/graphics.cfg)
(/home/feizheng/tex/texmf-dist/tex/latex/graphics-def/pdftex.def)))
(/home/feizheng/tex/texmf-dist/tex/latex/url/url.sty)
(/home/feizheng/tex/texmf-dist/tex/latex/l3backend/l3backend-pdftex.def)
(./figs.aux)
*geometry* driver: auto-detecting
*geometry* detected driver: pdftex
(/home/feizheng/tex/texmf-dist/tex/context/base/mkii/supp-pdf.mkii
[Loading MPS to PDF converter (version 2006.09.02).]
) (/home/feizheng/tex/texmf-dist/tex/latex/epstopdf-pkg/epstopdf-base.sty
(/home/feizheng/tex/texmf-dist/tex/latex/latexconfig/epstopdf-sys.cfg))
[1{/home/feizheng/tex/texmf-var/fonts/map/pdftex/updmap/pdftex.map}] [2]
[3 <./1d_c2cinplace_double.pdf>] [4 <./1d_c2coutofplace_double.pdf>] [5 <./1d_r
2cinplace_double.pdf>] [6 <./1d_r2coutofplace_double.pdf>] [7 <./1d_c2rinplace_
double.pdf>] [8 <./1d_c2routofplace_double.pdf>] [9 <./2d_c2cinplace_double.pdf
>] [10 <./2d_c2coutofplace_double.pdf>] [11 <./2d_r2cinplace_double.pdf>]
[12 <./2d_r2coutofplace_double.pdf>] [13 <./2d_c2rinplace_double.pdf>] [14 <./2
d_c2routofplace_double.pdf>] [15 <./3d_c2cinplace_double.pdf>] [16 <./3d_c2cout
ofplace_double.pdf>] [17 <./3d_r2cinplace_double.pdf>] [18 <./3d_r2coutofplace_
double.pdf>] [19 <./3d_c2rinplace_double.pdf>] [20 <./3d_c2routofplace_double.p
df>] (./figs.aux) ){/home/feizheng/tex/texmf-dist/fonts/enc/dvips/cm-super/cm-s
uper-ts1.enc}</home/feizheng/tex/texmf-dist/fonts/type1/public/amsfonts/cm/cmbx
12.pfb></home/feizheng/tex/texmf-dist/fonts/type1/public/amsfonts/cm/cmmi12.pfb
></home/feizheng/tex/texmf-dist/fonts/type1/public/amsfonts/cm/cmr12.pfb></home
/feizheng/tex/texmf-dist/fonts/type1/public/amsfonts/cm/cmr8.pfb></home/feizhen
g/tex/texmf-dist/fonts/type1/public/amsfonts/cm/cmsy8.pfb></home/feizheng/tex/t
exmf-dist/fonts/type1/public/amsfonts/cm/cmtt12.pfb></home/feizheng/tex/texmf-d
ist/fonts/type1/public/cm-super/sfrm1200.pfb>
Output written on figs.pdf (20 pages, 217945 bytes).
Transcript written on figs.log.
Latexmk: Examining 'figs.log'
=== TeX engine is 'pdfTeX'
Latexmk: All targets (figs.pdf) are up-to-date
